<?xml version="1.0" encoding="UTF-8" ?>
<testsuites>
<testsuite name="index" errors="0" tests="0" failures="0" time="0" timestamp="2014-11-23T13:34:29">
</testsuite>
<testsuite name="index.createRequest" errors="0" tests="1" failures="1" time="0.006" timestamp="2014-11-23T13:34:29">
  <testcase classname="index.createRequest" name="should " time="0.006"><failure type="expect" message="TypeError: Cannot read property &amp;apos;prefix&amp;apos; of undefined">TypeError: Cannot read property &amp;apos;prefix&amp;apos; of undefined
    at Object._.extend.createRequest (/Users/matt/github/mattgi/betfair-api/index.js:6:5062)
    at null.&amp;lt;anonymous&amp;gt; (/Users/matt/github/mattgi/betfair-api/test/unit/index.spec.js:14:11)
    at null.&amp;lt;anonymous&amp;gt; (/Users/matt/github/mattgi/betfair-api/node_modules/grunt-jasmine-node-coverage/node_modules/jasmine-node/lib/jasmine-node/async-callback.js:45:37)
    at jasmine.Block.execute (/Users/matt/github/mattgi/betfair-api/node_modules/grunt-jasmine-node-coverage/node_modules/jasmine-node/lib/jasmine-node/jasmine-1.3.1.js:1145:17)
    at jasmine.Queue.next_ (/Users/matt/github/mattgi/betfair-api/node_modules/grunt-jasmine-node-coverage/node_modules/jasmine-node/lib/jasmine-node/jasmine-1.3.1.js:2177:31)
    at null._onTimeout (/Users/matt/github/mattgi/betfair-api/node_modules/grunt-jasmine-node-coverage/node_modules/jasmine-node/lib/jasmine-node/jasmine-1.3.1.js:2167:18)
    at Timer.listOnTimeout [as ontimeout] (timers.js:110:15)</failure></testcase>
</testsuite>
</testsuites>