<?xml version="1.0" encoding="UTF-8" ?>
<testsuites>
<testsuite name="index" errors="0" tests="0" failures="0" time="0" timestamp="2014-11-23T14:21:29">
</testsuite>
<testsuite name="index.createRequest" errors="0" tests="1" failures="1" time="0.004" timestamp="2014-11-23T14:21:29">
  <testcase classname="index.createRequest" name="should " time="0.004"><failure type="expect" message="TypeError: Cannot read property &amp;apos;prefix&amp;apos; of undefined">TypeError: Cannot read property &amp;apos;prefix&amp;apos; of undefined
  at Object._.extend.createRequest (/Users/matt/github/mattgi/betfair-api/index.js:6:5062)
  at [object Object].&amp;lt;anonymous&amp;gt; (/Users/matt/github/mattgi/betfair-api/test/unit/index.spec.js:14:11)
  at [object Object].&amp;lt;anonymous&amp;gt; (/Users/matt/github/mattgi/betfair-api/node_modules/grunt-jasmine-node-coverage/node_modules/jasmine-node/lib/jasmine-node/async-callback.js:45:37)
  at [object Object].jasmine.Block.execute (/Users/matt/github/mattgi/betfair-api/node_modules/grunt-jasmine-node-coverage/node_modules/jasmine-node/lib/jasmine-node/jasmine-1.3.1.js:1145:17)
  at [object Object].jasmine.Queue.next_ (/Users/matt/github/mattgi/betfair-api/node_modules/grunt-jasmine-node-coverage/node_modules/jasmine-node/lib/jasmine-node/jasmine-1.3.1.js:2177:31)
  at [object Object].jasmine.Queue.start (/Users/matt/github/mattgi/betfair-api/node_modules/grunt-jasmine-node-coverage/node_modules/jasmine-node/lib/jasmine-node/jasmine-1.3.1.js:2130:8)
  at [object Object].jasmine.Spec.execute (/Users/matt/github/mattgi/betfair-api/node_modules/grunt-jasmine-node-coverage/node_modules/jasmine-node/lib/jasmine-node/jasmine-1.3.1.js:2458:14)
  at [object Object].jasmine.Queue.next_ (/Users/matt/github/mattgi/betfair-api/node_modules/grunt-jasmine-node-coverage/node_modules/jasmine-node/lib/jasmine-node/jasmine-1.3.1.js:2177:31)
  at [object Object].jasmine.Queue.start (/Users/matt/github/mattgi/betfair-api/node_modules/grunt-jasmine-node-coverage/node_modules/jasmine-node/lib/jasmine-node/jasmine-1.3.1.js:2130:8)
  at [object Object].jasmine.Suite.execute (/Users/matt/github/mattgi/betfair-api/node_modules/grunt-jasmine-node-coverage/node_modules/jasmine-node/lib/jasmine-node/jasmine-1.3.1.js:2604:14)
  at [object Object].jasmine.Queue.next_ (/Users/matt/github/mattgi/betfair-api/node_modules/grunt-jasmine-node-coverage/node_modules/jasmine-node/lib/jasmine-node/jasmine-1.3.1.js:2177:31)
  at [object Object].jasmine.Queue.start (/Users/matt/github/mattgi/betfair-api/node_modules/grunt-jasmine-node-coverage/node_modules/jasmine-node/lib/jasmine-node/jasmine-1.3.1.js:2130:8)
  at [object Object].jasmine.Suite.execute (/Users/matt/github/mattgi/betfair-api/node_modules/grunt-jasmine-node-coverage/node_modules/jasmine-node/lib/jasmine-node/jasmine-1.3.1.js:2604:14)
  at [object Object].jasmine.Queue.next_ (/Users/matt/github/mattgi/betfair-api/node_modules/grunt-jasmine-node-coverage/node_modules/jasmine-node/lib/jasmine-node/jasmine-1.3.1.js:2177:31)
  at onComplete (/Users/matt/github/mattgi/betfair-api/node_modules/grunt-jasmine-node-coverage/node_modules/jasmine-node/lib/jasmine-node/jasmine-1.3.1.js:2173:18)
  at [object Object].jasmine.Suite.finish (/Users/matt/github/mattgi/betfair-api/node_modules/grunt-jasmine-node-coverage/node_modules/jasmine-node/lib/jasmine-node/jasmine-1.3.1.js:2561:5)
  at [object Object].onComplete (/Users/matt/github/mattgi/betfair-api/node_modules/grunt-jasmine-node-coverage/node_modules/jasmine-node/lib/jasmine-node/jasmine-1.3.1.js:2605:10)
  at [object Object].jasmine.Queue.next_ (/Users/matt/github/mattgi/betfair-api/node_modules/grunt-jasmine-node-coverage/node_modules/jasmine-node/lib/jasmine-node/jasmine-1.3.1.js:2187:14)
  at onComplete (/Users/matt/github/mattgi/betfair-api/node_modules/grunt-jasmine-node-coverage/node_modules/jasmine-node/lib/jasmine-node/jasmine-1.3.1.js:2173:18)
  at [object Object].jasmine.Suite.finish (/Users/matt/github/mattgi/betfair-api/node_modules/grunt-jasmine-node-coverage/node_modules/jasmine-node/lib/jasmine-node/jasmine-1.3.1.js:2561:5)
  at [object Object].onComplete (/Users/matt/github/mattgi/betfair-api/node_modules/grunt-jasmine-node-coverage/node_modules/jasmine-node/lib/jasmine-node/jasmine-1.3.1.js:2605:10)
  at [object Object].jasmine.Queue.next_ (/Users/matt/github/mattgi/betfair-api/node_modules/grunt-jasmine-node-coverage/node_modules/jasmine-node/lib/jasmine-node/jasmine-1.3.1.js:2187:14)
  at onComplete (/Users/matt/github/mattgi/betfair-api/node_modules/grunt-jasmine-node-coverage/node_modules/jasmine-node/lib/jasmine-node/jasmine-1.3.1.js:2173:18)
  at [object Object].jasmine.Spec.finish (/Users/matt/github/mattgi/betfair-api/node_modules/grunt-jasmine-node-coverage/node_modules/jasmine-node/lib/jasmine-node/jasmine-1.3.1.js:2432:5)
  at [object Object].onComplete (/Users/matt/github/mattgi/betfair-api/node_modules/grunt-jasmine-node-coverage/node_modules/jasmine-node/lib/jasmine-node/jasmine-1.3.1.js:2459:10)
  at [object Object].jasmine.Queue.next_ (/Users/matt/github/mattgi/betfair-api/node_modules/grunt-jasmine-node-coverage/node_modules/jasmine-node/lib/jasmine-node/jasmine-1.3.1.js:2187:14)
  at [object Object]._onTimeout (/Users/matt/github/mattgi/betfair-api/node_modules/grunt-jasmine-node-coverage/node_modules/jasmine-node/lib/jasmine-node/jasmine-1.3.1.js:2167:18)
  at Timer.listOnTimeout [as ontimeout] (timers.js:110:15)
</failure></testcase>
</testsuite>
</testsuites>