<?xml version="1.0" encoding="UTF-8" ?>
<testsuites>
<testsuite name="login" errors="0" tests="1" failures="0" time="2.929" timestamp="2014-11-23T14:21:07">
  <testcase classname="login" name="should login with the certificate and key" time="2.929"></testcase>
</testsuite>
</testsuites>