<?xml version="1.0" encoding="UTF-8" ?>
<testsuites>
<testsuite name="Readonly Methods" errors="0" tests="0" failures="0" time="0" timestamp="2014-11-23T14:21:29">
</testsuite>
<testsuite name="Readonly Methods.listCompetitions" errors="0" tests="1" failures="0" time="2.563" timestamp="2014-11-23T14:21:10">
  <testcase classname="Readonly Methods.listCompetitions" name="should retrieve competitions" time="2.563"></testcase>
</testsuite>
<testsuite name="Readonly Methods.listCountries" errors="0" tests="2" failures="0" time="1.886" timestamp="2014-11-23T14:21:13">
  <testcase classname="Readonly Methods.listCountries" name="should retrieve countries" time="1.886"></testcase>
  <testcase classname="Readonly Methods.listCountries" name="should retrieve GB" time="0"></testcase>
</testsuite>
<testsuite name="Readonly Methods.listCurrentOrders" errors="0" tests="1" failures="0" time="2.046" timestamp="2014-11-23T14:21:15">
  <testcase classname="Readonly Methods.listCurrentOrders" name="should retrieve current orders" time="2.046"></testcase>
</testsuite>
<testsuite name="Readonly Methods.listClearedOrders" errors="0" tests="1" failures="0" time="2.054" timestamp="2014-11-23T14:21:17">
  <testcase classname="Readonly Methods.listClearedOrders" name="should retrieve cleared orders" time="2.054"></testcase>
</testsuite>
<testsuite name="Readonly Methods.listEvents" errors="0" tests="1" failures="0" time="1.972" timestamp="2014-11-23T14:21:19">
  <testcase classname="Readonly Methods.listEvents" name="should retrieve events" time="1.972"></testcase>
</testsuite>
<testsuite name="Readonly Methods.listEventTypes" errors="0" tests="2" failures="0" time="2.017" timestamp="2014-11-23T14:21:21">
  <testcase classname="Readonly Methods.listEventTypes" name="should retrieve event types" time="2.017"></testcase>
  <testcase classname="Readonly Methods.listEventTypes" name="should retrieve Soccer" time="0"></testcase>
</testsuite>
<testsuite name="Readonly Methods.listMarketCatalogue" errors="0" tests="2" failures="0" time="1.95" timestamp="2014-11-23T14:21:23">
  <testcase classname="Readonly Methods.listMarketCatalogue" name="should retrieve one or more market catalogues" time="1.949"></testcase>
  <testcase classname="Readonly Methods.listMarketCatalogue" name="should have a valid market" time="0.001"></testcase>
</testsuite>
<testsuite name="Readonly Methods.listMarketBook" errors="0" tests="2" failures="0" time="2.045" timestamp="2014-11-23T14:21:25">
  <testcase classname="Readonly Methods.listMarketBook" name="should retrieve Market Books" time="2.045"></testcase>
  <testcase classname="Readonly Methods.listMarketBook" name="should retrieve a valid market" time="0"></testcase>
</testsuite>
<testsuite name="Readonly Methods.listMarketBook (multiple Markets)" errors="0" tests="1" failures="0" time="1.981" timestamp="2014-11-23T14:21:27">
  <testcase classname="Readonly Methods.listMarketBook (multiple Markets)" name="should retrieve a known number of Market Books" time="1.981"></testcase>
</testsuite>
</testsuites>